\BOOKMARK [1][-]{section*.1}{Introduction}{}% 1
\BOOKMARK [1][-]{section.1}{Process\040MSSV}{}% 2
\BOOKMARK [1][-]{section.2}{Thread\040MSSV}{}% 3
\BOOKMARK [1][-]{section.3}{Testing}{}% 4
\BOOKMARK [2][-]{subsection.3.1}{Method}{section.3}% 5
\BOOKMARK [2][-]{subsection.3.2}{Errors}{section.3}% 6
\BOOKMARK [2][-]{subsection.3.3}{Input\040Files}{section.3}% 7
\BOOKMARK [2][-]{subsection.3.4}{Expected\040Results}{section.3}% 8
\BOOKMARK [2][-]{subsection.3.5}{Actual\040Results}{section.3}% 9
\BOOKMARK [1][-]{section.4}{README}{}% 10
\BOOKMARK [2][-]{subsection.4.1}{Purpose}{section.4}% 11
\BOOKMARK [2][-]{subsection.4.2}{Running\040the\040Program}{section.4}% 12
\BOOKMARK [2][-]{subsection.4.3}{Files}{section.4}% 13
\BOOKMARK [1][-]{subsection.4.3}{References}{}% 14
\BOOKMARK [1][-]{section.5}{Appendices}{}% 15
\BOOKMARK [2][-]{subsection.5.1}{Processes:\040mssv.c}{section.5}% 16
\BOOKMARK [2][-]{subsection.5.2}{Processes:\040mssv.h}{section.5}% 17
\BOOKMARK [2][-]{subsection.5.3}{Processes:\040Makefile}{section.5}% 18
\BOOKMARK [2][-]{subsection.5.4}{Threads:\040mssv.c}{section.5}% 19
\BOOKMARK [2][-]{subsection.5.5}{Threads:\040mssv.h}{section.5}% 20
\BOOKMARK [2][-]{subsection.5.6}{Threads:\040Makefile}{section.5}% 21
